<?xml version="1.0" encoding="UTF-8" ?>
<testsuite tests="6" failures="0" name="com.basic.SigninFeatureFile.RunSigninFeatureTest" time="0.001" errors="0" skipped="0">
  <properties>
[...]
</properties>
  <testcase classname="Scenario: Validate Email field" name="Given User need to be on BillYourself signin page" time="0"/>
  <testcase classname="Scenario: Validate Email field" name="When User enters Email" time="0"/>
  <testcase classname="Scenario: Validate Email field" name="And User enters Password" time="0"/>
  <testcase classname="Scenario: Validate Email field" name="Then User checks user Email is present" time="0"/>
  <testcase classname="Scenario: Validate Email field" name="And User checks user Password is present" time="0"/>
  <testcase classname="Scenario: Validate Email field" name="Scenario: Validate Email field" time="0.001"/>
</testsuite>